ARM GAS  /tmp/ccAcZgCk.s 			page 1


   1              		.cpu cortex-m3
   2              		.eabi_attribute 20, 1
   3              		.eabi_attribute 21, 1
   4              		.eabi_attribute 23, 3
   5              		.eabi_attribute 24, 1
   6              		.eabi_attribute 25, 1
   7              		.eabi_attribute 26, 1
   8              		.eabi_attribute 30, 6
   9              		.eabi_attribute 34, 1
  10              		.eabi_attribute 18, 4
  11              		.file	"font.c"
  12              		.text
  13              		.section	.rodata.font8x8,"a"
  14              		.align	3
  17              	font8x8:
  18 0000 00007E7E 		.word	2122186752
  19 0004 7E7E7E7E 		.word	2122219134
  20 0008 00007E7E 		.word	2122186752
  21 000c 7E7E7E7E 		.word	2122219134
  22 0010 00007E7E 		.word	2122186752
  23 0014 7E7E7E7E 		.word	2122219134
  24 0018 00007E7E 		.word	2122186752
  25 001c 7E7E7E7E 		.word	2122219134
  26 0020 00007E7E 		.word	2122186752
  27 0024 7E7E7E7E 		.word	2122219134
  28 0028 00007E7E 		.word	2122186752
  29 002c 7E7E7E7E 		.word	2122219134
  30 0030 00007E7E 		.word	2122186752
  31 0034 7E7E7E7E 		.word	2122219134
  32 0038 00007E7E 		.word	2122186752
  33 003c 7E7E7E7E 		.word	2122219134
  34 0040 00007E7E 		.word	2122186752
  35 0044 7E7E7E7E 		.word	2122219134
  36 0048 00000000 		.word	0
  37 004c 00000000 		.word	0
  38 0050 00007E7E 		.word	2122186752
  39 0054 7E7E7E7E 		.word	2122219134
  40 0058 00007E7E 		.word	2122186752
  41 005c 7E7E7E7E 		.word	2122219134
  42 0060 00007E7E 		.word	2122186752
  43 0064 7E7E7E7E 		.word	2122219134
  44 0068 00007E7E 		.word	2122186752
  45 006c 7E7E7E7E 		.word	2122219134
  46 0070 00007E7E 		.word	2122186752
  47 0074 7E7E7E7E 		.word	2122219134
  48 0078 00007E7E 		.word	2122186752
  49 007c 7E7E7E7E 		.word	2122219134
  50 0080 00007E7E 		.word	2122186752
  51 0084 7E7E7E7E 		.word	2122219134
  52 0088 00007E7E 		.word	2122186752
  53 008c 7E7E7E7E 		.word	2122219134
  54 0090 00007E7E 		.word	2122186752
  55 0094 7E7E7E7E 		.word	2122219134
  56 0098 00007E7E 		.word	2122186752
  57 009c 7E7E7E7E 		.word	2122219134
  58 00a0 00007E7E 		.word	2122186752
  59 00a4 7E7E7E7E 		.word	2122219134
ARM GAS  /tmp/ccAcZgCk.s 			page 2


  60 00a8 00007E7E 		.word	2122186752
  61 00ac 7E7E7E7E 		.word	2122219134
  62 00b0 00007E7E 		.word	2122186752
  63 00b4 7E7E7E7E 		.word	2122219134
  64 00b8 00007E7E 		.word	2122186752
  65 00bc 7E7E7E7E 		.word	2122219134
  66 00c0 00007E7E 		.word	2122186752
  67 00c4 7E7E7E7E 		.word	2122219134
  68 00c8 00007E7E 		.word	2122186752
  69 00cc 7E7E7E7E 		.word	2122219134
  70 00d0 00007E7E 		.word	2122186752
  71 00d4 7E7E7E7E 		.word	2122219134
  72 00d8 00007E7E 		.word	2122186752
  73 00dc 7E7E7E7E 		.word	2122219134
  74 00e0 00007E7E 		.word	2122186752
  75 00e4 7E7E7E7E 		.word	2122219134
  76 00e8 00007E7E 		.word	2122186752
  77 00ec 7E7E7E7E 		.word	2122219134
  78 00f0 00007E7E 		.word	2122186752
  79 00f4 7E7E7E7E 		.word	2122219134
  80 00f8 00007E7E 		.word	2122186752
  81 00fc 7E7E7E7E 		.word	2122219134
  82 0100 00000000 		.word	0
  83 0104 00000000 		.word	0
  84 0108 00000800 		.word	524288
  85 010c 08080808 		.word	134744072
  86 0110 00000000 		.word	0
  87 0114 00002828 		.word	673710080
  88 0118 0000287C 		.word	2082996224
  89 011c 287C2800 		.word	2653224
  90 0120 00083C0A 		.word	171706368
  91 0124 1C281E08 		.word	136194076
  92 0128 00000629 		.word	688259072
  93 012c 16689460 		.word	1620338710
  94 0130 00001926 		.word	639172608
  95 0134 1920201C 		.word	471867417
  96 0138 00000000 		.word	0
  97 013c 00000808 		.word	134742016
  98 0140 00000810 		.word	268959744
  99 0144 20201008 		.word	135274528
 100 0148 00001008 		.word	135266304
 101 014c 04040810 		.word	268960772
 102 0150 0000002A 		.word	704643072
 103 0154 1C3E1C2A 		.word	706493980
 104 0158 00000808 		.word	134742016
 105 015c 3E080800 		.word	526398
 106 0160 00100800 		.word	528384
 107 0164 00000000 		.word	0
 108 0168 00000000 		.word	0
 109 016c 3C000000 		.word	60
 110 0170 00000800 		.word	524288
 111 0174 00000000 		.word	0
 112 0178 00004020 		.word	541065216
 113 017c 10080402 		.word	33818640
 114 0180 00001824 		.word	605552640
 115 0184 42422418 		.word	405029442
 116 0188 00001C08 		.word	136052736
ARM GAS  /tmp/ccAcZgCk.s 			page 3


 117 018c 08081808 		.word	135792648
 118 0190 00007E20 		.word	545128448
 119 0194 1804423C 		.word	1010959384
 120 0198 00003C42 		.word	1111228416
 121 019c 1804423C 		.word	1010959384
 122 01a0 0000087C 		.word	2080899072
 123 01a4 48281808 		.word	135800904
 124 01a8 00003C42 		.word	1111228416
 125 01ac 027C407E 		.word	2118155266
 126 01b0 00003C42 		.word	1111228416
 127 01b4 427C403C 		.word	1010859074
 128 01b8 00004020 		.word	541065216
 129 01bc 1008047E 		.word	2114193424
 130 01c0 00003C42 		.word	1111228416
 131 01c4 423C423C 		.word	1010973762
 132 01c8 00003C02 		.word	37486592
 133 01cc 3E42423C 		.word	1010975294
 134 01d0 00000800 		.word	524288
 135 01d4 00080000 		.word	2048
 136 01d8 00100800 		.word	528384
 137 01dc 00080000 		.word	2048
 138 01e0 00000618 		.word	403046400
 139 01e4 60180600 		.word	399456
 140 01e8 0000007E 		.word	2113929216
 141 01ec 007E0000 		.word	32256
 142 01f0 00006018 		.word	408944640
 143 01f4 06186000 		.word	6297606
 144 01f8 00001000 		.word	1048576
 145 01fc 18044438 		.word	943981592
 146 0200 1C205C94 		.word	-1805901796
 147 0204 9C443C00 		.word	3949724
 148 0208 00004242 		.word	1111621632
 149 020c 3C241818 		.word	404235324
 150 0210 00007844 		.word	1148715008
 151 0214 44784478 		.word	2017753156
 152 0218 00003844 		.word	1144520704
 153 021c 80804438 		.word	944013440
 154 0220 00007844 		.word	1148715008
 155 0224 44444478 		.word	2017739844
 156 0228 00007C40 		.word	1081868288
 157 022c 4078407C 		.word	2084599872
 158 0230 00004040 		.word	1077936128
 159 0234 4078407C 		.word	2084599872
 160 0238 00003844 		.word	1144520704
 161 023c 9C804438 		.word	944013468
 162 0240 00004242 		.word	1111621632
 163 0244 427E4242 		.word	1111653954
 164 0248 00003E08 		.word	138280960
 165 024c 0808083E 		.word	1040713736
 166 0250 00003844 		.word	1144520704
 167 0254 0404041C 		.word	470025220
 168 0258 00004448 		.word	1212416000
 169 025c 70504844 		.word	1145589872
 170 0260 00007E40 		.word	1081999360
 171 0264 40404040 		.word	1077952576
 172 0268 00004141 		.word	1094778880
 173 026c 49556341 		.word	1097028937
ARM GAS  /tmp/ccAcZgCk.s 			page 4


 174 0270 00004246 		.word	1178730496
 175 0274 4A526242 		.word	1113739850
 176 0278 00001C22 		.word	572260352
 177 027c 2222221C 		.word	471999010
 178 0280 00004040 		.word	1077936128
 179 0284 40784478 		.word	2017753152
 180 0288 00021C22 		.word	572260864
 181 028c 2222221C 		.word	471999010
 182 0290 00004448 		.word	1212416000
 183 0294 50784478 		.word	2017753168
 184 0298 00001C22 		.word	572260352
 185 029c 0C10221C 		.word	471994380
 186 02a0 00000808 		.word	134742016
 187 02a4 0808087F 		.word	2131232776
 188 02a8 00003C42 		.word	1111228416
 189 02ac 42424242 		.word	1111638594
 190 02b0 00001824 		.word	605552640
 191 02b4 24424281 		.word	-2126364124
 192 02b8 00004163 		.word	1665204224
 193 02bc 55494141 		.word	1094797653
 194 02c0 00004224 		.word	608305152
 195 02c4 18182442 		.word	1109661720
 196 02c8 00000808 		.word	134742016
 197 02cc 08142241 		.word	1092752392
 198 02d0 00007E20 		.word	545128448
 199 02d4 1008047E 		.word	2114193424
 200 02d8 00003820 		.word	540540928
 201 02dc 20202038 		.word	941629472
 202 02e0 00000204 		.word	67239936
 203 02e4 08102040 		.word	1075843080
 204 02e8 00003808 		.word	137887744
 205 02ec 08080838 		.word	940050440
 206 02f0 00000000 		.word	0
 207 02f4 00002810 		.word	271056896
 208 02f8 00007E00 		.word	8257536
 209 02fc 00000000 		.word	0
 210 0300 00000000 		.word	0
 211 0304 00000810 		.word	268959744
 212 0308 00003A46 		.word	1178206208
 213 030c 3E023C00 		.word	3932734
 214 0310 00005C62 		.word	1650196480
 215 0314 427C4040 		.word	1077967938
 216 0318 00001C20 		.word	538705920
 217 031c 201C0000 		.word	7200
 218 0320 00003A46 		.word	1178206208
 219 0324 423E0202 		.word	33701442
 220 0328 00003C40 		.word	1077673984
 221 032c 7E423C00 		.word	3949182
 222 0330 00001010 		.word	269484032
 223 0334 38101800 		.word	1577016
 224 0338 38043444 		.word	1144259640
 225 033c 4C340000 		.word	13388
 226 0340 00002424 		.word	606339072
 227 0344 24382020 		.word	538982436
 228 0348 00000808 		.word	134742016
 229 034c 08080008 		.word	134219784
 230 0350 70080808 		.word	134744176
ARM GAS  /tmp/ccAcZgCk.s 			page 5


 231 0354 08180008 		.word	134223880
 232 0358 00002C30 		.word	808189952
 233 035c 28242020 		.word	538977320
 234 0360 00001810 		.word	270008320
 235 0364 10101010 		.word	269488144
 236 0368 00004242 		.word	1111621632
 237 036c 5A660000 		.word	26202
 238 0370 00002222 		.word	572653568
 239 0374 322E0000 		.word	11826
 240 0378 00003C42 		.word	1111228416
 241 037c 423C0000 		.word	15426
 242 0380 40407C42 		.word	1115439168
 243 0384 625C0000 		.word	23650
 244 0388 02023E42 		.word	1111360002
 245 038c 463A0000 		.word	14918
 246 0390 00002020 		.word	538968064
 247 0394 322C0000 		.word	11314
 248 0398 00003804 		.word	70778880
 249 039c 18201C00 		.word	1843224
 250 03a0 00001810 		.word	270008320
 251 03a4 103C1000 		.word	1063952
 252 03a8 00001A26 		.word	639238144
 253 03ac 22220000 		.word	8738
 254 03b0 00001824 		.word	605552640
 255 03b4 42420000 		.word	16962
 256 03b8 0000665A 		.word	1516634112
 257 03bc 81810000 		.word	33153
 258 03c0 00006618 		.word	409337856
 259 03c4 24420000 		.word	16932
 260 03c8 60100814 		.word	336072800
 261 03cc 22420000 		.word	16930
 262 03d0 00003C10 		.word	272367616
 263 03d4 083C0000 		.word	15368
 264 03d8 00001C10 		.word	270270464
 265 03dc 3030101C 		.word	470822960
 266 03e0 00080808 		.word	134744064
 267 03e4 08080808 		.word	134744072
 268 03e8 00003808 		.word	137887744
 269 03ec 0C0C0838 		.word	940051468
 270 03f0 0000004C 		.word	1275068416
 271 03f4 32000000 		.word	50
 272 03f8 00007E7E 		.word	2122186752
 273 03fc 7E7E7E7E 		.word	2122219134
 274              		.section	.bss.x_pos,"aw",%nobits
 275              		.align	2
 278              	x_pos:
 279 0000 00000000 		.space	4
 280              		.section	.bss.y_pos,"aw",%nobits
 281              		.align	2
 284              	y_pos:
 285 0000 00000000 		.space	4
 286              		.section	.bss.showCursor,"aw",%nobits
 289              	showCursor:
 290 0000 00       		.space	1
 291              		.section	.text.max,"ax",%progbits
 292              		.align	1
 293              		.arch armv7-m
ARM GAS  /tmp/ccAcZgCk.s 			page 6


 294              		.syntax unified
 295              		.thumb
 296              		.thumb_func
 297              		.fpu softvfp
 299              	max:
 300              		@ args = 0, pretend = 0, frame = 8
 301              		@ frame_needed = 1, uses_anonymous_args = 0
 302              		@ link register save eliminated.
 303 0000 80B4     		push	{r7}
 304 0002 83B0     		sub	sp, sp, #12
 305 0004 00AF     		add	r7, sp, #0
 306 0006 7860     		str	r0, [r7, #4]
 307 0008 3960     		str	r1, [r7]
 308 000a 3A68     		ldr	r2, [r7]
 309 000c 7B68     		ldr	r3, [r7, #4]
 310 000e 9342     		cmp	r3, r2
 311 0010 B8BF     		it	lt
 312 0012 1346     		movlt	r3, r2
 313 0014 1846     		mov	r0, r3
 314 0016 0C37     		adds	r7, r7, #12
 315 0018 BD46     		mov	sp, r7
 316              		@ sp needed
 317 001a 80BC     		pop	{r7}
 318 001c 7047     		bx	lr
 320              		.section	.text.min,"ax",%progbits
 321              		.align	1
 322              		.syntax unified
 323              		.thumb
 324              		.thumb_func
 325              		.fpu softvfp
 327              	min:
 328              		@ args = 0, pretend = 0, frame = 8
 329              		@ frame_needed = 1, uses_anonymous_args = 0
 330              		@ link register save eliminated.
 331 0000 80B4     		push	{r7}
 332 0002 83B0     		sub	sp, sp, #12
 333 0004 00AF     		add	r7, sp, #0
 334 0006 7860     		str	r0, [r7, #4]
 335 0008 3960     		str	r1, [r7]
 336 000a 3A68     		ldr	r2, [r7]
 337 000c 7B68     		ldr	r3, [r7, #4]
 338 000e 9342     		cmp	r3, r2
 339 0010 A8BF     		it	ge
 340 0012 1346     		movge	r3, r2
 341 0014 1846     		mov	r0, r3
 342 0016 0C37     		adds	r7, r7, #12
 343 0018 BD46     		mov	sp, r7
 344              		@ sp needed
 345 001a 80BC     		pop	{r7}
 346 001c 7047     		bx	lr
 348              		.section	.text.toggleCursor,"ax",%progbits
 349              		.align	1
 350              		.syntax unified
 351              		.thumb
 352              		.thumb_func
 353              		.fpu softvfp
 355              	toggleCursor:
ARM GAS  /tmp/ccAcZgCk.s 			page 7


 356              		@ args = 0, pretend = 0, frame = 8
 357              		@ frame_needed = 1, uses_anonymous_args = 0
 358              		@ link register save eliminated.
 359 0000 90B4     		push	{r4, r7}
 360 0002 82B0     		sub	sp, sp, #8
 361 0004 00AF     		add	r7, sp, #0
 362 0006 194B     		ldr	r3, .L8
 363 0008 1B68     		ldr	r3, [r3]
 364 000a DB00     		lsls	r3, r3, #3
 365 000c 0C33     		adds	r3, r3, #12
 366 000e 3B60     		str	r3, [r7]
 367 0010 3B68     		ldr	r3, [r7]
 368 0012 7B60     		str	r3, [r7, #4]
 369 0014 1FE0     		b	.L6
 370              	.L7:
 371 0016 164B     		ldr	r3, .L8+4
 372 0018 1968     		ldr	r1, [r3]
 373 001a 1648     		ldr	r0, .L8+8
 374 001c 7A68     		ldr	r2, [r7, #4]
 375 001e 1346     		mov	r3, r2
 376 0020 9B00     		lsls	r3, r3, #2
 377 0022 1344     		add	r3, r3, r2
 378 0024 DB00     		lsls	r3, r3, #3
 379 0026 1344     		add	r3, r3, r2
 380 0028 0344     		add	r3, r3, r0
 381 002a 0B44     		add	r3, r3, r1
 382 002c 0833     		adds	r3, r3, #8
 383 002e 1B78     		ldrb	r3, [r3]	@ zero_extendqisi2
 384 0030 0F4A     		ldr	r2, .L8+4
 385 0032 1168     		ldr	r1, [r2]
 386 0034 DB43     		mvns	r3, r3
 387 0036 DCB2     		uxtb	r4, r3
 388 0038 0E48     		ldr	r0, .L8+8
 389 003a 7A68     		ldr	r2, [r7, #4]
 390 003c 1346     		mov	r3, r2
 391 003e 9B00     		lsls	r3, r3, #2
 392 0040 1344     		add	r3, r3, r2
 393 0042 DB00     		lsls	r3, r3, #3
 394 0044 1344     		add	r3, r3, r2
 395 0046 0344     		add	r3, r3, r0
 396 0048 0B44     		add	r3, r3, r1
 397 004a 0833     		adds	r3, r3, #8
 398 004c 2246     		mov	r2, r4
 399 004e 1A70     		strb	r2, [r3]
 400 0050 7B68     		ldr	r3, [r7, #4]
 401 0052 0133     		adds	r3, r3, #1
 402 0054 7B60     		str	r3, [r7, #4]
 403              	.L6:
 404 0056 3B68     		ldr	r3, [r7]
 405 0058 0733     		adds	r3, r3, #7
 406 005a 7A68     		ldr	r2, [r7, #4]
 407 005c 9A42     		cmp	r2, r3
 408 005e DADD     		ble	.L7
 409 0060 00BF     		nop
 410 0062 00BF     		nop
 411 0064 0837     		adds	r7, r7, #8
 412 0066 BD46     		mov	sp, r7
ARM GAS  /tmp/ccAcZgCk.s 			page 8


 413              		@ sp needed
 414 0068 90BC     		pop	{r4, r7}
 415 006a 7047     		bx	lr
 416              	.L9:
 417              		.align	2
 418              	.L8:
 419 006c 00000000 		.word	y_pos
 420 0070 00000000 		.word	x_pos
 421 0074 00000000 		.word	TV
 423              		.section	.text.TV_NextLine,"ax",%progbits
 424              		.align	1
 425              		.syntax unified
 426              		.thumb
 427              		.thumb_func
 428              		.fpu softvfp
 430              	TV_NextLine:
 431              		@ args = 0, pretend = 0, frame = 0
 432              		@ frame_needed = 1, uses_anonymous_args = 0
 433 0000 80B5     		push	{r7, lr}
 434 0002 00AF     		add	r7, sp, #0
 435 0004 064B     		ldr	r3, .L13
 436 0006 1B68     		ldr	r3, [r3]
 437 0008 192B     		cmp	r3, #25
 438 000a 06DC     		bgt	.L12
 439 000c 044B     		ldr	r3, .L13
 440 000e 1B68     		ldr	r3, [r3]
 441 0010 0133     		adds	r3, r3, #1
 442 0012 1946     		mov	r1, r3
 443 0014 0020     		movs	r0, #0
 444 0016 FFF7FEFF 		bl	TV_GoToXY
 445              	.L12:
 446 001a 00BF     		nop
 447 001c 80BD     		pop	{r7, pc}
 448              	.L14:
 449 001e 00BF     		.align	2
 450              	.L13:
 451 0020 00000000 		.word	y_pos
 453              		.section	.text.TV_CursorOn,"ax",%progbits
 454              		.align	1
 455              		.global	TV_CursorOn
 456              		.syntax unified
 457              		.thumb
 458              		.thumb_func
 459              		.fpu softvfp
 461              	TV_CursorOn:
 462              		@ args = 0, pretend = 0, frame = 0
 463              		@ frame_needed = 1, uses_anonymous_args = 0
 464 0000 80B5     		push	{r7, lr}
 465 0002 00AF     		add	r7, sp, #0
 466 0004 064B     		ldr	r3, .L18
 467 0006 1B78     		ldrb	r3, [r3]	@ zero_extendqisi2
 468 0008 83F00103 		eor	r3, r3, #1
 469 000c DBB2     		uxtb	r3, r3
 470 000e 002B     		cmp	r3, #0
 471 0010 04D0     		beq	.L17
 472 0012 034B     		ldr	r3, .L18
 473 0014 0122     		movs	r2, #1
ARM GAS  /tmp/ccAcZgCk.s 			page 9


 474 0016 1A70     		strb	r2, [r3]
 475 0018 FFF7FEFF 		bl	toggleCursor
 476              	.L17:
 477 001c 00BF     		nop
 478 001e 80BD     		pop	{r7, pc}
 479              	.L19:
 480              		.align	2
 481              	.L18:
 482 0020 00000000 		.word	showCursor
 484              		.section	.text.TV_CursorOff,"ax",%progbits
 485              		.align	1
 486              		.global	TV_CursorOff
 487              		.syntax unified
 488              		.thumb
 489              		.thumb_func
 490              		.fpu softvfp
 492              	TV_CursorOff:
 493              		@ args = 0, pretend = 0, frame = 0
 494              		@ frame_needed = 1, uses_anonymous_args = 0
 495 0000 80B5     		push	{r7, lr}
 496 0002 00AF     		add	r7, sp, #0
 497 0004 054B     		ldr	r3, .L23
 498 0006 1B78     		ldrb	r3, [r3]	@ zero_extendqisi2
 499 0008 002B     		cmp	r3, #0
 500 000a 04D0     		beq	.L22
 501 000c 034B     		ldr	r3, .L23
 502 000e 0022     		movs	r2, #0
 503 0010 1A70     		strb	r2, [r3]
 504 0012 FFF7FEFF 		bl	toggleCursor
 505              	.L22:
 506 0016 00BF     		nop
 507 0018 80BD     		pop	{r7, pc}
 508              	.L24:
 509 001a 00BF     		.align	2
 510              	.L23:
 511 001c 00000000 		.word	showCursor
 513              		.section	.text.TV_GoToXY,"ax",%progbits
 514              		.align	1
 515              		.global	TV_GoToXY
 516              		.syntax unified
 517              		.thumb
 518              		.thumb_func
 519              		.fpu softvfp
 521              	TV_GoToXY:
 522              		@ args = 0, pretend = 0, frame = 8
 523              		@ frame_needed = 1, uses_anonymous_args = 0
 524 0000 80B5     		push	{r7, lr}
 525 0002 82B0     		sub	sp, sp, #8
 526 0004 00AF     		add	r7, sp, #0
 527 0006 7860     		str	r0, [r7, #4]
 528 0008 3960     		str	r1, [r7]
 529 000a 144B     		ldr	r3, .L29
 530 000c 1B78     		ldrb	r3, [r3]	@ zero_extendqisi2
 531 000e 002B     		cmp	r3, #0
 532 0010 01D0     		beq	.L26
 533 0012 FFF7FEFF 		bl	toggleCursor
 534              	.L26:
ARM GAS  /tmp/ccAcZgCk.s 			page 10


 535 0016 2721     		movs	r1, #39
 536 0018 7868     		ldr	r0, [r7, #4]
 537 001a FFF7FEFF 		bl	min
 538 001e 0346     		mov	r3, r0
 539 0020 1946     		mov	r1, r3
 540 0022 0020     		movs	r0, #0
 541 0024 FFF7FEFF 		bl	max
 542 0028 0346     		mov	r3, r0
 543 002a 0D4A     		ldr	r2, .L29+4
 544 002c 1360     		str	r3, [r2]
 545 002e 1A21     		movs	r1, #26
 546 0030 3868     		ldr	r0, [r7]
 547 0032 FFF7FEFF 		bl	min
 548 0036 0346     		mov	r3, r0
 549 0038 1946     		mov	r1, r3
 550 003a 0020     		movs	r0, #0
 551 003c FFF7FEFF 		bl	max
 552 0040 0346     		mov	r3, r0
 553 0042 084A     		ldr	r2, .L29+8
 554 0044 1360     		str	r3, [r2]
 555 0046 054B     		ldr	r3, .L29
 556 0048 1B78     		ldrb	r3, [r3]	@ zero_extendqisi2
 557 004a 002B     		cmp	r3, #0
 558 004c 01D0     		beq	.L28
 559 004e FFF7FEFF 		bl	toggleCursor
 560              	.L28:
 561 0052 00BF     		nop
 562 0054 0837     		adds	r7, r7, #8
 563 0056 BD46     		mov	sp, r7
 564              		@ sp needed
 565 0058 80BD     		pop	{r7, pc}
 566              	.L30:
 567 005a 00BF     		.align	2
 568              	.L29:
 569 005c 00000000 		.word	showCursor
 570 0060 00000000 		.word	x_pos
 571 0064 00000000 		.word	y_pos
 573              		.section	.text.TV_PrintChar,"ax",%progbits
 574              		.align	1
 575              		.global	TV_PrintChar
 576              		.syntax unified
 577              		.thumb
 578              		.thumb_func
 579              		.fpu softvfp
 581              	TV_PrintChar:
 582              		@ args = 0, pretend = 0, frame = 16
 583              		@ frame_needed = 1, uses_anonymous_args = 0
 584 0000 90B5     		push	{r4, r7, lr}
 585 0002 85B0     		sub	sp, sp, #20
 586 0004 00AF     		add	r7, sp, #0
 587 0006 0346     		mov	r3, r0
 588 0008 FB71     		strb	r3, [r7, #7]
 589 000a FB79     		ldrb	r3, [r7, #7]	@ zero_extendqisi2
 590 000c 0A2B     		cmp	r3, #10
 591 000e 02D1     		bne	.L32
 592 0010 FFF7FEFF 		bl	TV_NextLine
 593 0014 42E0     		b	.L31
ARM GAS  /tmp/ccAcZgCk.s 			page 11


 594              	.L32:
 595 0016 234B     		ldr	r3, .L37
 596 0018 1B68     		ldr	r3, [r3]
 597 001a DB00     		lsls	r3, r3, #3
 598 001c 0C33     		adds	r3, r3, #12
 599 001e BB60     		str	r3, [r7, #8]
 600 0020 0023     		movs	r3, #0
 601 0022 FB60     		str	r3, [r7, #12]
 602 0024 1BE0     		b	.L34
 603              	.L35:
 604 0026 FB79     		ldrb	r3, [r7, #7]	@ zero_extendqisi2
 605 0028 DB00     		lsls	r3, r3, #3
 606 002a 1F4A     		ldr	r2, .L37+4
 607 002c 1344     		add	r3, r3, r2
 608 002e FA68     		ldr	r2, [r7, #12]
 609 0030 C2F10702 		rsb	r2, r2, #7
 610 0034 1344     		add	r3, r3, r2
 611 0036 F968     		ldr	r1, [r7, #12]
 612 0038 BA68     		ldr	r2, [r7, #8]
 613 003a 0A44     		add	r2, r2, r1
 614 003c 1B49     		ldr	r1, .L37+8
 615 003e 0968     		ldr	r1, [r1]
 616 0040 1C78     		ldrb	r4, [r3]	@ zero_extendqisi2
 617 0042 1B48     		ldr	r0, .L37+12
 618 0044 1346     		mov	r3, r2
 619 0046 9B00     		lsls	r3, r3, #2
 620 0048 1344     		add	r3, r3, r2
 621 004a DB00     		lsls	r3, r3, #3
 622 004c 1344     		add	r3, r3, r2
 623 004e 0344     		add	r3, r3, r0
 624 0050 0B44     		add	r3, r3, r1
 625 0052 0833     		adds	r3, r3, #8
 626 0054 2246     		mov	r2, r4
 627 0056 1A70     		strb	r2, [r3]
 628 0058 FB68     		ldr	r3, [r7, #12]
 629 005a 0133     		adds	r3, r3, #1
 630 005c FB60     		str	r3, [r7, #12]
 631              	.L34:
 632 005e FB68     		ldr	r3, [r7, #12]
 633 0060 072B     		cmp	r3, #7
 634 0062 E0DD     		ble	.L35
 635 0064 114B     		ldr	r3, .L37+8
 636 0066 1B68     		ldr	r3, [r3]
 637 0068 0133     		adds	r3, r3, #1
 638 006a 104A     		ldr	r2, .L37+8
 639 006c 1360     		str	r3, [r2]
 640 006e 0F4B     		ldr	r3, .L37+8
 641 0070 1B68     		ldr	r3, [r3]
 642 0072 272B     		cmp	r3, #39
 643 0074 0CDD     		ble	.L36
 644 0076 0D4B     		ldr	r3, .L37+8
 645 0078 0022     		movs	r2, #0
 646 007a 1A60     		str	r2, [r3]
 647 007c 094B     		ldr	r3, .L37
 648 007e 1B68     		ldr	r3, [r3]
 649 0080 0133     		adds	r3, r3, #1
 650 0082 1A21     		movs	r1, #26
ARM GAS  /tmp/ccAcZgCk.s 			page 12


 651 0084 1846     		mov	r0, r3
 652 0086 FFF7FEFF 		bl	min
 653 008a 0346     		mov	r3, r0
 654 008c 054A     		ldr	r2, .L37
 655 008e 1360     		str	r3, [r2]
 656              	.L36:
 657 0090 084B     		ldr	r3, .L37+16
 658 0092 1B78     		ldrb	r3, [r3]	@ zero_extendqisi2
 659 0094 002B     		cmp	r3, #0
 660 0096 01D0     		beq	.L31
 661 0098 FFF7FEFF 		bl	toggleCursor
 662              	.L31:
 663 009c 1437     		adds	r7, r7, #20
 664 009e BD46     		mov	sp, r7
 665              		@ sp needed
 666 00a0 90BD     		pop	{r4, r7, pc}
 667              	.L38:
 668 00a2 00BF     		.align	2
 669              	.L37:
 670 00a4 00000000 		.word	y_pos
 671 00a8 00000000 		.word	font8x8
 672 00ac 00000000 		.word	x_pos
 673 00b0 00000000 		.word	TV
 674 00b4 00000000 		.word	showCursor
 676              		.section	.text._strlen,"ax",%progbits
 677              		.align	1
 678              		.syntax unified
 679              		.thumb
 680              		.thumb_func
 681              		.fpu softvfp
 683              	_strlen:
 684              		@ args = 0, pretend = 0, frame = 16
 685              		@ frame_needed = 1, uses_anonymous_args = 0
 686              		@ link register save eliminated.
 687 0000 80B4     		push	{r7}
 688 0002 85B0     		sub	sp, sp, #20
 689 0004 00AF     		add	r7, sp, #0
 690 0006 7860     		str	r0, [r7, #4]
 691 0008 0023     		movs	r3, #0
 692 000a FB60     		str	r3, [r7, #12]
 693 000c 02E0     		b	.L40
 694              	.L41:
 695 000e FB68     		ldr	r3, [r7, #12]
 696 0010 0133     		adds	r3, r3, #1
 697 0012 FB60     		str	r3, [r7, #12]
 698              	.L40:
 699 0014 7B68     		ldr	r3, [r7, #4]
 700 0016 5A1C     		adds	r2, r3, #1
 701 0018 7A60     		str	r2, [r7, #4]
 702 001a 1B78     		ldrb	r3, [r3]	@ zero_extendqisi2
 703 001c 002B     		cmp	r3, #0
 704 001e F6D1     		bne	.L41
 705 0020 FB68     		ldr	r3, [r7, #12]
 706 0022 1846     		mov	r0, r3
 707 0024 1437     		adds	r7, r7, #20
 708 0026 BD46     		mov	sp, r7
 709              		@ sp needed
ARM GAS  /tmp/ccAcZgCk.s 			page 13


 710 0028 80BC     		pop	{r7}
 711 002a 7047     		bx	lr
 713              		.section	.text.TV_PrintLine,"ax",%progbits
 714              		.align	1
 715              		.global	TV_PrintLine
 716              		.syntax unified
 717              		.thumb
 718              		.thumb_func
 719              		.fpu softvfp
 721              	TV_PrintLine:
 722              		@ args = 0, pretend = 0, frame = 32
 723              		@ frame_needed = 1, uses_anonymous_args = 0
 724 0000 90B5     		push	{r4, r7, lr}
 725 0002 89B0     		sub	sp, sp, #36
 726 0004 00AF     		add	r7, sp, #0
 727 0006 7860     		str	r0, [r7, #4]
 728 0008 334B     		ldr	r3, .L55
 729 000a 1B68     		ldr	r3, [r3]
 730 000c C3F12803 		rsb	r3, r3, #40
 731 0010 FB60     		str	r3, [r7, #12]
 732 0012 0023     		movs	r3, #0
 733 0014 FB77     		strb	r3, [r7, #31]
 734 0016 0023     		movs	r3, #0
 735 0018 BB61     		str	r3, [r7, #24]
 736 001a 0BE0     		b	.L44
 737              	.L47:
 738 001c BB69     		ldr	r3, [r7, #24]
 739 001e 7A68     		ldr	r2, [r7, #4]
 740 0020 1344     		add	r3, r3, r2
 741 0022 1B78     		ldrb	r3, [r3]	@ zero_extendqisi2
 742 0024 0A2B     		cmp	r3, #10
 743 0026 02D1     		bne	.L45
 744 0028 0123     		movs	r3, #1
 745 002a FB77     		strb	r3, [r7, #31]
 746 002c 0CE0     		b	.L46
 747              	.L45:
 748 002e BB69     		ldr	r3, [r7, #24]
 749 0030 0133     		adds	r3, r3, #1
 750 0032 BB61     		str	r3, [r7, #24]
 751              	.L44:
 752 0034 BB69     		ldr	r3, [r7, #24]
 753 0036 7A68     		ldr	r2, [r7, #4]
 754 0038 1344     		add	r3, r3, r2
 755 003a 1B78     		ldrb	r3, [r3]	@ zero_extendqisi2
 756 003c 002B     		cmp	r3, #0
 757 003e 03D0     		beq	.L46
 758 0040 BA69     		ldr	r2, [r7, #24]
 759 0042 FB68     		ldr	r3, [r7, #12]
 760 0044 9A42     		cmp	r2, r3
 761 0046 E9DD     		ble	.L47
 762              	.L46:
 763 0048 0023     		movs	r3, #0
 764 004a 7B61     		str	r3, [r7, #20]
 765 004c 2CE0     		b	.L48
 766              	.L51:
 767 004e 0023     		movs	r3, #0
 768 0050 3B61     		str	r3, [r7, #16]
ARM GAS  /tmp/ccAcZgCk.s 			page 14


 769 0052 22E0     		b	.L49
 770              	.L50:
 771 0054 3B69     		ldr	r3, [r7, #16]
 772 0056 7A68     		ldr	r2, [r7, #4]
 773 0058 1344     		add	r3, r3, r2
 774 005a 1B78     		ldrb	r3, [r3]	@ zero_extendqisi2
 775 005c DB00     		lsls	r3, r3, #3
 776 005e 1F4A     		ldr	r2, .L55+4
 777 0060 1344     		add	r3, r3, r2
 778 0062 7A69     		ldr	r2, [r7, #20]
 779 0064 C2F10702 		rsb	r2, r2, #7
 780 0068 1344     		add	r3, r3, r2
 781 006a 1D4A     		ldr	r2, .L55+8
 782 006c 1268     		ldr	r2, [r2]
 783 006e D100     		lsls	r1, r2, #3
 784 0070 7A69     		ldr	r2, [r7, #20]
 785 0072 0A44     		add	r2, r2, r1
 786 0074 1849     		ldr	r1, .L55
 787 0076 0868     		ldr	r0, [r1]
 788 0078 3969     		ldr	r1, [r7, #16]
 789 007a 0144     		add	r1, r1, r0
 790 007c 1C78     		ldrb	r4, [r3]	@ zero_extendqisi2
 791 007e 1948     		ldr	r0, .L55+12
 792 0080 1346     		mov	r3, r2
 793 0082 9B00     		lsls	r3, r3, #2
 794 0084 1344     		add	r3, r3, r2
 795 0086 DB00     		lsls	r3, r3, #3
 796 0088 1344     		add	r3, r3, r2
 797 008a 0344     		add	r3, r3, r0
 798 008c 0B44     		add	r3, r3, r1
 799 008e 0833     		adds	r3, r3, #8
 800 0090 2246     		mov	r2, r4
 801 0092 1A70     		strb	r2, [r3]
 802 0094 3B69     		ldr	r3, [r7, #16]
 803 0096 0133     		adds	r3, r3, #1
 804 0098 3B61     		str	r3, [r7, #16]
 805              	.L49:
 806 009a 3A69     		ldr	r2, [r7, #16]
 807 009c BB69     		ldr	r3, [r7, #24]
 808 009e 9A42     		cmp	r2, r3
 809 00a0 D8DB     		blt	.L50
 810 00a2 7B69     		ldr	r3, [r7, #20]
 811 00a4 0133     		adds	r3, r3, #1
 812 00a6 7B61     		str	r3, [r7, #20]
 813              	.L48:
 814 00a8 7B69     		ldr	r3, [r7, #20]
 815 00aa 072B     		cmp	r3, #7
 816 00ac CFDD     		ble	.L51
 817 00ae FB7F     		ldrb	r3, [r7, #31]	@ zero_extendqisi2
 818 00b0 002B     		cmp	r3, #0
 819 00b2 02D0     		beq	.L52
 820 00b4 FFF7FEFF 		bl	TV_NextLine
 821 00b8 09E0     		b	.L53
 822              	.L52:
 823 00ba 074B     		ldr	r3, .L55
 824 00bc 1A68     		ldr	r2, [r3]
 825 00be BB69     		ldr	r3, [r7, #24]
ARM GAS  /tmp/ccAcZgCk.s 			page 15


 826 00c0 1344     		add	r3, r3, r2
 827 00c2 074A     		ldr	r2, .L55+8
 828 00c4 1268     		ldr	r2, [r2]
 829 00c6 1146     		mov	r1, r2
 830 00c8 1846     		mov	r0, r3
 831 00ca FFF7FEFF 		bl	TV_GoToXY
 832              	.L53:
 833 00ce BB69     		ldr	r3, [r7, #24]
 834 00d0 1846     		mov	r0, r3
 835 00d2 2437     		adds	r7, r7, #36
 836 00d4 BD46     		mov	sp, r7
 837              		@ sp needed
 838 00d6 90BD     		pop	{r4, r7, pc}
 839              	.L56:
 840              		.align	2
 841              	.L55:
 842 00d8 00000000 		.word	x_pos
 843 00dc 00000000 		.word	font8x8
 844 00e0 00000000 		.word	y_pos
 845 00e4 00000000 		.word	TV
 847              		.section	.text.TV_PrintText,"ax",%progbits
 848              		.align	1
 849              		.global	TV_PrintText
 850              		.syntax unified
 851              		.thumb
 852              		.thumb_func
 853              		.fpu softvfp
 855              	TV_PrintText:
 856              		@ args = 0, pretend = 0, frame = 16
 857              		@ frame_needed = 1, uses_anonymous_args = 0
 858 0000 90B5     		push	{r4, r7, lr}
 859 0002 85B0     		sub	sp, sp, #20
 860 0004 00AF     		add	r7, sp, #0
 861 0006 7860     		str	r0, [r7, #4]
 862 0008 0023     		movs	r3, #0
 863 000a FB60     		str	r3, [r7, #12]
 864 000c 144B     		ldr	r3, .L60
 865 000e 1A68     		ldr	r2, [r3]
 866 0010 1346     		mov	r3, r2
 867 0012 9B00     		lsls	r3, r3, #2
 868 0014 1344     		add	r3, r3, r2
 869 0016 DB00     		lsls	r3, r3, #3
 870 0018 1A46     		mov	r2, r3
 871 001a 124B     		ldr	r3, .L60+4
 872 001c 1B68     		ldr	r3, [r3]
 873 001e 1344     		add	r3, r3, r2
 874 0020 C3F58764 		rsb	r4, r3, #1080
 875 0024 7868     		ldr	r0, [r7, #4]
 876 0026 FFF7FEFF 		bl	_strlen
 877 002a 0346     		mov	r3, r0
 878 002c 1946     		mov	r1, r3
 879 002e 2046     		mov	r0, r4
 880 0030 FFF7FEFF 		bl	min
 881 0034 B860     		str	r0, [r7, #8]
 882 0036 00BF     		nop
 883              	.L58:
 884 0038 FB68     		ldr	r3, [r7, #12]
ARM GAS  /tmp/ccAcZgCk.s 			page 16


 885 003a 7A68     		ldr	r2, [r7, #4]
 886 003c 1344     		add	r3, r3, r2
 887 003e 1846     		mov	r0, r3
 888 0040 FFF7FEFF 		bl	TV_PrintLine
 889 0044 0246     		mov	r2, r0
 890 0046 FB68     		ldr	r3, [r7, #12]
 891 0048 1344     		add	r3, r3, r2
 892 004a FB60     		str	r3, [r7, #12]
 893 004c FA68     		ldr	r2, [r7, #12]
 894 004e BB68     		ldr	r3, [r7, #8]
 895 0050 9A42     		cmp	r2, r3
 896 0052 F1DB     		blt	.L58
 897 0054 FB68     		ldr	r3, [r7, #12]
 898 0056 1846     		mov	r0, r3
 899 0058 1437     		adds	r7, r7, #20
 900 005a BD46     		mov	sp, r7
 901              		@ sp needed
 902 005c 90BD     		pop	{r4, r7, pc}
 903              	.L61:
 904 005e 00BF     		.align	2
 905              	.L60:
 906 0060 00000000 		.word	y_pos
 907 0064 00000000 		.word	x_pos
 909              		.ident	"GCC: (Arch Repository) 9.1.0"
ARM GAS  /tmp/ccAcZgCk.s 			page 17


DEFINED SYMBOLS
                            *ABS*:0000000000000000 font.c
     /tmp/ccAcZgCk.s:14     .rodata.font8x8:0000000000000000 $d
     /tmp/ccAcZgCk.s:17     .rodata.font8x8:0000000000000000 font8x8
     /tmp/ccAcZgCk.s:275    .bss.x_pos:0000000000000000 $d
     /tmp/ccAcZgCk.s:278    .bss.x_pos:0000000000000000 x_pos
     /tmp/ccAcZgCk.s:281    .bss.y_pos:0000000000000000 $d
     /tmp/ccAcZgCk.s:284    .bss.y_pos:0000000000000000 y_pos
     /tmp/ccAcZgCk.s:289    .bss.showCursor:0000000000000000 showCursor
     /tmp/ccAcZgCk.s:290    .bss.showCursor:0000000000000000 $d
     /tmp/ccAcZgCk.s:292    .text.max:0000000000000000 $t
     /tmp/ccAcZgCk.s:299    .text.max:0000000000000000 max
     /tmp/ccAcZgCk.s:321    .text.min:0000000000000000 $t
     /tmp/ccAcZgCk.s:327    .text.min:0000000000000000 min
     /tmp/ccAcZgCk.s:349    .text.toggleCursor:0000000000000000 $t
     /tmp/ccAcZgCk.s:355    .text.toggleCursor:0000000000000000 toggleCursor
     /tmp/ccAcZgCk.s:419    .text.toggleCursor:000000000000006c $d
     /tmp/ccAcZgCk.s:424    .text.TV_NextLine:0000000000000000 $t
     /tmp/ccAcZgCk.s:430    .text.TV_NextLine:0000000000000000 TV_NextLine
     /tmp/ccAcZgCk.s:521    .text.TV_GoToXY:0000000000000000 TV_GoToXY
     /tmp/ccAcZgCk.s:451    .text.TV_NextLine:0000000000000020 $d
     /tmp/ccAcZgCk.s:454    .text.TV_CursorOn:0000000000000000 $t
     /tmp/ccAcZgCk.s:461    .text.TV_CursorOn:0000000000000000 TV_CursorOn
     /tmp/ccAcZgCk.s:482    .text.TV_CursorOn:0000000000000020 $d
     /tmp/ccAcZgCk.s:485    .text.TV_CursorOff:0000000000000000 $t
     /tmp/ccAcZgCk.s:492    .text.TV_CursorOff:0000000000000000 TV_CursorOff
     /tmp/ccAcZgCk.s:511    .text.TV_CursorOff:000000000000001c $d
     /tmp/ccAcZgCk.s:514    .text.TV_GoToXY:0000000000000000 $t
     /tmp/ccAcZgCk.s:569    .text.TV_GoToXY:000000000000005c $d
     /tmp/ccAcZgCk.s:574    .text.TV_PrintChar:0000000000000000 $t
     /tmp/ccAcZgCk.s:581    .text.TV_PrintChar:0000000000000000 TV_PrintChar
     /tmp/ccAcZgCk.s:670    .text.TV_PrintChar:00000000000000a4 $d
     /tmp/ccAcZgCk.s:677    .text._strlen:0000000000000000 $t
     /tmp/ccAcZgCk.s:683    .text._strlen:0000000000000000 _strlen
     /tmp/ccAcZgCk.s:714    .text.TV_PrintLine:0000000000000000 $t
     /tmp/ccAcZgCk.s:721    .text.TV_PrintLine:0000000000000000 TV_PrintLine
     /tmp/ccAcZgCk.s:842    .text.TV_PrintLine:00000000000000d8 $d
     /tmp/ccAcZgCk.s:848    .text.TV_PrintText:0000000000000000 $t
     /tmp/ccAcZgCk.s:855    .text.TV_PrintText:0000000000000000 TV_PrintText
     /tmp/ccAcZgCk.s:906    .text.TV_PrintText:0000000000000060 $d

UNDEFINED SYMBOLS
TV
