ARM GAS  /tmp/cc3rouN6.s 			page 1


   1              		.cpu cortex-m3
   2              		.eabi_attribute 20, 1
   3              		.eabi_attribute 21, 1
   4              		.eabi_attribute 23, 3
   5              		.eabi_attribute 24, 1
   6              		.eabi_attribute 25, 1
   7              		.eabi_attribute 26, 1
   8              		.eabi_attribute 30, 6
   9              		.eabi_attribute 34, 1
  10              		.eabi_attribute 18, 4
  11              		.file	"system_stm32f1xx.c"
  12              		.text
  13              		.global	SystemCoreClock
  14              		.section	.data.SystemCoreClock,"aw"
  15              		.align	2
  18              	SystemCoreClock:
  19 0000 00A24A04 		.word	72000000
  20              		.global	AHBPrescTable
  21              		.section	.rodata.AHBPrescTable,"a"
  22              		.align	2
  25              	AHBPrescTable:
  26 0000 00000000 		.ascii	"\000\000\000\000\000\000\000\000\001\002\003\004\006"
  26      00000000 
  26      01020304 
  26      06
  27 000d 070809   		.ascii	"\007\010\011"
  28              		.global	APBPrescTable
  29              		.section	.rodata.APBPrescTable,"a"
  30              		.align	2
  33              	APBPrescTable:
  34 0000 00000000 		.ascii	"\000\000\000\000\001\002\003\004"
  34      01020304 
  35              		.section	.text.SystemInit,"ax",%progbits
  36              		.align	1
  37              		.global	SystemInit
  38              		.arch armv7-m
  39              		.syntax unified
  40              		.thumb
  41              		.thumb_func
  42              		.fpu softvfp
  44              	SystemInit:
  45              		@ args = 0, pretend = 0, frame = 0
  46              		@ frame_needed = 1, uses_anonymous_args = 0
  47              		@ link register save eliminated.
  48 0000 80B4     		push	{r7}
  49 0002 00AF     		add	r7, sp, #0
  50 0004 154B     		ldr	r3, .L2
  51 0006 1B68     		ldr	r3, [r3]
  52 0008 144A     		ldr	r2, .L2
  53 000a 43F00103 		orr	r3, r3, #1
  54 000e 1360     		str	r3, [r2]
  55 0010 124B     		ldr	r3, .L2
  56 0012 5A68     		ldr	r2, [r3, #4]
  57 0014 1149     		ldr	r1, .L2
  58 0016 124B     		ldr	r3, .L2+4
  59 0018 1340     		ands	r3, r3, r2
  60 001a 4B60     		str	r3, [r1, #4]
ARM GAS  /tmp/cc3rouN6.s 			page 2


  61 001c 0F4B     		ldr	r3, .L2
  62 001e 1B68     		ldr	r3, [r3]
  63 0020 0E4A     		ldr	r2, .L2
  64 0022 23F08473 		bic	r3, r3, #17301504
  65 0026 23F48033 		bic	r3, r3, #65536
  66 002a 1360     		str	r3, [r2]
  67 002c 0B4B     		ldr	r3, .L2
  68 002e 1B68     		ldr	r3, [r3]
  69 0030 0A4A     		ldr	r2, .L2
  70 0032 23F48023 		bic	r3, r3, #262144
  71 0036 1360     		str	r3, [r2]
  72 0038 084B     		ldr	r3, .L2
  73 003a 5B68     		ldr	r3, [r3, #4]
  74 003c 074A     		ldr	r2, .L2
  75 003e 23F4FE03 		bic	r3, r3, #8323072
  76 0042 5360     		str	r3, [r2, #4]
  77 0044 054B     		ldr	r3, .L2
  78 0046 4FF41F02 		mov	r2, #10420224
  79 004a 9A60     		str	r2, [r3, #8]
  80 004c 054B     		ldr	r3, .L2+8
  81 004e 4FF00062 		mov	r2, #134217728
  82 0052 9A60     		str	r2, [r3, #8]
  83 0054 00BF     		nop
  84 0056 BD46     		mov	sp, r7
  85              		@ sp needed
  86 0058 80BC     		pop	{r7}
  87 005a 7047     		bx	lr
  88              	.L3:
  89              		.align	2
  90              	.L2:
  91 005c 00100240 		.word	1073876992
  92 0060 0000FFF8 		.word	-117506048
  93 0064 00ED00E0 		.word	-536810240
  95              		.section	.text.SystemCoreClockUpdate,"ax",%progbits
  96              		.align	1
  97              		.global	SystemCoreClockUpdate
  98              		.syntax unified
  99              		.thumb
 100              		.thumb_func
 101              		.fpu softvfp
 103              	SystemCoreClockUpdate:
 104              		@ args = 0, pretend = 0, frame = 16
 105              		@ frame_needed = 1, uses_anonymous_args = 0
 106              		@ link register save eliminated.
 107 0000 80B4     		push	{r7}
 108 0002 85B0     		sub	sp, sp, #20
 109 0004 00AF     		add	r7, sp, #0
 110 0006 0023     		movs	r3, #0
 111 0008 FB60     		str	r3, [r7, #12]
 112 000a 0023     		movs	r3, #0
 113 000c BB60     		str	r3, [r7, #8]
 114 000e 0023     		movs	r3, #0
 115 0010 7B60     		str	r3, [r7, #4]
 116 0012 2F4B     		ldr	r3, .L13
 117 0014 5B68     		ldr	r3, [r3, #4]
 118 0016 03F00C03 		and	r3, r3, #12
 119 001a FB60     		str	r3, [r7, #12]
ARM GAS  /tmp/cc3rouN6.s 			page 3


 120 001c FB68     		ldr	r3, [r7, #12]
 121 001e 082B     		cmp	r3, #8
 122 0020 11D0     		beq	.L5
 123 0022 FB68     		ldr	r3, [r7, #12]
 124 0024 082B     		cmp	r3, #8
 125 0026 3AD8     		bhi	.L6
 126 0028 FB68     		ldr	r3, [r7, #12]
 127 002a 002B     		cmp	r3, #0
 128 002c 03D0     		beq	.L7
 129 002e FB68     		ldr	r3, [r7, #12]
 130 0030 042B     		cmp	r3, #4
 131 0032 04D0     		beq	.L8
 132 0034 33E0     		b	.L6
 133              	.L7:
 134 0036 274B     		ldr	r3, .L13+4
 135 0038 274A     		ldr	r2, .L13+8
 136 003a 1A60     		str	r2, [r3]
 137 003c 33E0     		b	.L9
 138              	.L8:
 139 003e 254B     		ldr	r3, .L13+4
 140 0040 254A     		ldr	r2, .L13+8
 141 0042 1A60     		str	r2, [r3]
 142 0044 2FE0     		b	.L9
 143              	.L5:
 144 0046 224B     		ldr	r3, .L13
 145 0048 5B68     		ldr	r3, [r3, #4]
 146 004a 03F47013 		and	r3, r3, #3932160
 147 004e BB60     		str	r3, [r7, #8]
 148 0050 1F4B     		ldr	r3, .L13
 149 0052 5B68     		ldr	r3, [r3, #4]
 150 0054 03F48033 		and	r3, r3, #65536
 151 0058 7B60     		str	r3, [r7, #4]
 152 005a BB68     		ldr	r3, [r7, #8]
 153 005c 9B0C     		lsrs	r3, r3, #18
 154 005e 0233     		adds	r3, r3, #2
 155 0060 BB60     		str	r3, [r7, #8]
 156 0062 7B68     		ldr	r3, [r7, #4]
 157 0064 002B     		cmp	r3, #0
 158 0066 06D1     		bne	.L10
 159 0068 BB68     		ldr	r3, [r7, #8]
 160 006a 1C4A     		ldr	r2, .L13+12
 161 006c 02FB03F3 		mul	r3, r2, r3
 162 0070 184A     		ldr	r2, .L13+4
 163 0072 1360     		str	r3, [r2]
 164 0074 17E0     		b	.L9
 165              	.L10:
 166 0076 164B     		ldr	r3, .L13
 167 0078 5B68     		ldr	r3, [r3, #4]
 168 007a 03F40033 		and	r3, r3, #131072
 169 007e 002B     		cmp	r3, #0
 170 0080 06D0     		beq	.L12
 171 0082 BB68     		ldr	r3, [r7, #8]
 172 0084 154A     		ldr	r2, .L13+12
 173 0086 02FB03F3 		mul	r3, r2, r3
 174 008a 124A     		ldr	r2, .L13+4
 175 008c 1360     		str	r3, [r2]
 176 008e 0AE0     		b	.L9
ARM GAS  /tmp/cc3rouN6.s 			page 4


 177              	.L12:
 178 0090 BB68     		ldr	r3, [r7, #8]
 179 0092 114A     		ldr	r2, .L13+8
 180 0094 02FB03F3 		mul	r3, r2, r3
 181 0098 0E4A     		ldr	r2, .L13+4
 182 009a 1360     		str	r3, [r2]
 183 009c 03E0     		b	.L9
 184              	.L6:
 185 009e 0D4B     		ldr	r3, .L13+4
 186 00a0 0D4A     		ldr	r2, .L13+8
 187 00a2 1A60     		str	r2, [r3]
 188 00a4 00BF     		nop
 189              	.L9:
 190 00a6 0A4B     		ldr	r3, .L13
 191 00a8 5B68     		ldr	r3, [r3, #4]
 192 00aa 1B09     		lsrs	r3, r3, #4
 193 00ac 03F00F03 		and	r3, r3, #15
 194 00b0 0B4A     		ldr	r2, .L13+16
 195 00b2 D35C     		ldrb	r3, [r2, r3]	@ zero_extendqisi2
 196 00b4 FB60     		str	r3, [r7, #12]
 197 00b6 074B     		ldr	r3, .L13+4
 198 00b8 1A68     		ldr	r2, [r3]
 199 00ba FB68     		ldr	r3, [r7, #12]
 200 00bc 22FA03F3 		lsr	r3, r2, r3
 201 00c0 044A     		ldr	r2, .L13+4
 202 00c2 1360     		str	r3, [r2]
 203 00c4 00BF     		nop
 204 00c6 1437     		adds	r7, r7, #20
 205 00c8 BD46     		mov	sp, r7
 206              		@ sp needed
 207 00ca 80BC     		pop	{r7}
 208 00cc 7047     		bx	lr
 209              	.L14:
 210 00ce 00BF     		.align	2
 211              	.L13:
 212 00d0 00100240 		.word	1073876992
 213 00d4 00000000 		.word	SystemCoreClock
 214 00d8 00127A00 		.word	8000000
 215 00dc 00093D00 		.word	4000000
 216 00e0 00000000 		.word	AHBPrescTable
 218              		.ident	"GCC: (Arch Repository) 9.1.0"
ARM GAS  /tmp/cc3rouN6.s 			page 5


DEFINED SYMBOLS
                            *ABS*:0000000000000000 system_stm32f1xx.c
     /tmp/cc3rouN6.s:18     .data.SystemCoreClock:0000000000000000 SystemCoreClock
     /tmp/cc3rouN6.s:15     .data.SystemCoreClock:0000000000000000 $d
     /tmp/cc3rouN6.s:25     .rodata.AHBPrescTable:0000000000000000 AHBPrescTable
     /tmp/cc3rouN6.s:22     .rodata.AHBPrescTable:0000000000000000 $d
     /tmp/cc3rouN6.s:33     .rodata.APBPrescTable:0000000000000000 APBPrescTable
     /tmp/cc3rouN6.s:30     .rodata.APBPrescTable:0000000000000000 $d
     /tmp/cc3rouN6.s:36     .text.SystemInit:0000000000000000 $t
     /tmp/cc3rouN6.s:44     .text.SystemInit:0000000000000000 SystemInit
     /tmp/cc3rouN6.s:91     .text.SystemInit:000000000000005c $d
     /tmp/cc3rouN6.s:96     .text.SystemCoreClockUpdate:0000000000000000 $t
     /tmp/cc3rouN6.s:103    .text.SystemCoreClockUpdate:0000000000000000 SystemCoreClockUpdate
     /tmp/cc3rouN6.s:212    .text.SystemCoreClockUpdate:00000000000000d0 $d

NO UNDEFINED SYMBOLS
