ARM GAS  /tmp/ccRNFNvQ.s 			page 1


   1              		.cpu cortex-m3
   2              		.eabi_attribute 20, 1
   3              		.eabi_attribute 21, 1
   4              		.eabi_attribute 23, 3
   5              		.eabi_attribute 24, 1
   6              		.eabi_attribute 25, 1
   7              		.eabi_attribute 26, 1
   8              		.eabi_attribute 30, 6
   9              		.eabi_attribute 34, 1
  10              		.eabi_attribute 18, 4
  11              		.file	"tv_usart.c"
  12              		.text
  13              		.section	.text.NVIC_EnableIRQ,"ax",%progbits
  14              		.align	1
  15              		.arch armv7-m
  16              		.syntax unified
  17              		.thumb
  18              		.thumb_func
  19              		.fpu softvfp
  21              	NVIC_EnableIRQ:
  22              		@ args = 0, pretend = 0, frame = 8
  23              		@ frame_needed = 1, uses_anonymous_args = 0
  24              		@ link register save eliminated.
  25 0000 80B4     		push	{r7}
  26 0002 83B0     		sub	sp, sp, #12
  27 0004 00AF     		add	r7, sp, #0
  28 0006 0346     		mov	r3, r0
  29 0008 FB71     		strb	r3, [r7, #7]
  30 000a FB79     		ldrb	r3, [r7, #7]	@ zero_extendqisi2
  31 000c 03F01F02 		and	r2, r3, #31
  32 0010 0649     		ldr	r1, .L2
  33 0012 97F90730 		ldrsb	r3, [r7, #7]
  34 0016 5B09     		lsrs	r3, r3, #5
  35 0018 0120     		movs	r0, #1
  36 001a 00FA02F2 		lsl	r2, r0, r2
  37 001e 41F82320 		str	r2, [r1, r3, lsl #2]
  38 0022 00BF     		nop
  39 0024 0C37     		adds	r7, r7, #12
  40 0026 BD46     		mov	sp, r7
  41              		@ sp needed
  42 0028 80BC     		pop	{r7}
  43 002a 7047     		bx	lr
  44              	.L3:
  45              		.align	2
  46              	.L2:
  47 002c 00E100E0 		.word	-536813312
  49              		.section	.text.GPIO_Init,"ax",%progbits
  50              		.align	1
  51              		.syntax unified
  52              		.thumb
  53              		.thumb_func
  54              		.fpu softvfp
  56              	GPIO_Init:
  57              		@ args = 0, pretend = 0, frame = 8
  58              		@ frame_needed = 1, uses_anonymous_args = 0
  59              		@ link register save eliminated.
  60 0000 80B4     		push	{r7}
ARM GAS  /tmp/ccRNFNvQ.s 			page 2


  61 0002 83B0     		sub	sp, sp, #12
  62 0004 00AF     		add	r7, sp, #0
  63 0006 0346     		mov	r3, r0
  64 0008 FB71     		strb	r3, [r7, #7]
  65 000a 054B     		ldr	r3, .L5
  66 000c 9A69     		ldr	r2, [r3, #24]
  67 000e FB79     		ldrb	r3, [r7, #7]	@ zero_extendqisi2
  68 0010 0349     		ldr	r1, .L5
  69 0012 1343     		orrs	r3, r3, r2
  70 0014 8B61     		str	r3, [r1, #24]
  71 0016 00BF     		nop
  72 0018 0C37     		adds	r7, r7, #12
  73 001a BD46     		mov	sp, r7
  74              		@ sp needed
  75 001c 80BC     		pop	{r7}
  76 001e 7047     		bx	lr
  77              	.L6:
  78              		.align	2
  79              	.L5:
  80 0020 00100240 		.word	1073876992
  82              		.section	.bss.recieved,"aw",%nobits
  85              	recieved:
  86 0000 00       		.space	1
  87              		.section	.bss.can_process,"aw",%nobits
  90              	can_process:
  91 0000 00       		.space	1
  92              		.section	.text.TV_ListenUSART1,"ax",%progbits
  93              		.align	1
  94              		.global	TV_ListenUSART1
  95              		.syntax unified
  96              		.thumb
  97              		.thumb_func
  98              		.fpu softvfp
 100              	TV_ListenUSART1:
 101              		@ args = 0, pretend = 0, frame = 0
 102              		@ frame_needed = 1, uses_anonymous_args = 0
 103 0000 80B5     		push	{r7, lr}
 104 0002 00AF     		add	r7, sp, #0
 105 0004 2520     		movs	r0, #37
 106 0006 FFF7FEFF 		bl	NVIC_EnableIRQ
 107 000a 0420     		movs	r0, #4
 108 000c FFF7FEFF 		bl	GPIO_Init
 109 0010 0B22     		movs	r2, #11
 110 0012 0921     		movs	r1, #9
 111 0014 1148     		ldr	r0, .L8
 112 0016 FFF7FEFF 		bl	GPIO_ConfPin
 113 001a 0422     		movs	r2, #4
 114 001c 0A21     		movs	r1, #10
 115 001e 0F48     		ldr	r0, .L8
 116 0020 FFF7FEFF 		bl	GPIO_ConfPin
 117 0024 0E4B     		ldr	r3, .L8+4
 118 0026 9B69     		ldr	r3, [r3, #24]
 119 0028 0D4A     		ldr	r2, .L8+4
 120 002a 43F48043 		orr	r3, r3, #16384
 121 002e 9361     		str	r3, [r2, #24]
 122 0030 0C4B     		ldr	r3, .L8+8
 123 0032 1B68     		ldr	r3, [r3]
ARM GAS  /tmp/ccRNFNvQ.s 			page 3


 124 0034 03F59C53 		add	r3, r3, #4992
 125 0038 0833     		adds	r3, r3, #8
 126 003a 0B4A     		ldr	r2, .L8+12
 127 003c A2FB0323 		umull	r2, r3, r2, r3
 128 0040 5B0B     		lsrs	r3, r3, #13
 129 0042 9AB2     		uxth	r2, r3
 130 0044 094B     		ldr	r3, .L8+16
 131 0046 9A60     		str	r2, [r3, #8]
 132 0048 084B     		ldr	r3, .L8+16
 133 004a DB68     		ldr	r3, [r3, #12]
 134 004c 074A     		ldr	r2, .L8+16
 135 004e 43F40053 		orr	r3, r3, #8192
 136 0052 43F02C03 		orr	r3, r3, #44
 137 0056 D360     		str	r3, [r2, #12]
 138 0058 00BF     		nop
 139 005a 80BD     		pop	{r7, pc}
 140              	.L9:
 141              		.align	2
 142              	.L8:
 143 005c 00080140 		.word	1073809408
 144 0060 00100240 		.word	1073876992
 145 0064 00000000 		.word	SystemCoreClock
 146 0068 5917B7D1 		.word	-776530087
 147 006c 00380140 		.word	1073821696
 149              		.section	.text.sendByte,"ax",%progbits
 150              		.align	1
 151              		.syntax unified
 152              		.thumb
 153              		.thumb_func
 154              		.fpu softvfp
 156              	sendByte:
 157              		@ args = 0, pretend = 0, frame = 8
 158              		@ frame_needed = 1, uses_anonymous_args = 0
 159              		@ link register save eliminated.
 160 0000 80B4     		push	{r7}
 161 0002 83B0     		sub	sp, sp, #12
 162 0004 00AF     		add	r7, sp, #0
 163 0006 0346     		mov	r3, r0
 164 0008 FB71     		strb	r3, [r7, #7]
 165 000a 00BF     		nop
 166              	.L11:
 167 000c 064B     		ldr	r3, .L12
 168 000e 1B68     		ldr	r3, [r3]
 169 0010 03F08003 		and	r3, r3, #128
 170 0014 002B     		cmp	r3, #0
 171 0016 F9D0     		beq	.L11
 172 0018 034A     		ldr	r2, .L12
 173 001a FB79     		ldrb	r3, [r7, #7]	@ zero_extendqisi2
 174 001c 5360     		str	r3, [r2, #4]
 175 001e 00BF     		nop
 176 0020 0C37     		adds	r7, r7, #12
 177 0022 BD46     		mov	sp, r7
 178              		@ sp needed
 179 0024 80BC     		pop	{r7}
 180 0026 7047     		bx	lr
 181              	.L13:
 182              		.align	2
ARM GAS  /tmp/ccRNFNvQ.s 			page 4


 183              	.L12:
 184 0028 00380140 		.word	1073821696
 186              		.section	.text.USART1_IRQHandler,"ax",%progbits
 187              		.align	1
 188              		.global	USART1_IRQHandler
 189              		.syntax unified
 190              		.thumb
 191              		.thumb_func
 192              		.fpu softvfp
 194              	USART1_IRQHandler:
 195              		@ args = 0, pretend = 0, frame = 8
 196              		@ frame_needed = 1, uses_anonymous_args = 0
 197 0000 80B5     		push	{r7, lr}
 198 0002 82B0     		sub	sp, sp, #8
 199 0004 00AF     		add	r7, sp, #0
 200 0006 114B     		ldr	r3, .L18
 201 0008 1B68     		ldr	r3, [r3]
 202 000a 03F02003 		and	r3, r3, #32
 203 000e 002B     		cmp	r3, #0
 204 0010 17D0     		beq	.L17
 205 0012 0F4B     		ldr	r3, .L18+4
 206 0014 1B78     		ldrb	r3, [r3]
 207 0016 DBB2     		uxtb	r3, r3
 208 0018 83F00103 		eor	r3, r3, #1
 209 001c DBB2     		uxtb	r3, r3
 210 001e 002B     		cmp	r3, #0
 211 0020 08D0     		beq	.L16
 212 0022 0A4B     		ldr	r3, .L18
 213 0024 5B68     		ldr	r3, [r3, #4]
 214 0026 DAB2     		uxtb	r2, r3
 215 0028 0A4B     		ldr	r3, .L18+8
 216 002a 1A70     		strb	r2, [r3]
 217 002c 084B     		ldr	r3, .L18+4
 218 002e 0122     		movs	r2, #1
 219 0030 1A70     		strb	r2, [r3]
 220 0032 06E0     		b	.L17
 221              	.L16:
 222 0034 054B     		ldr	r3, .L18
 223 0036 5B68     		ldr	r3, [r3, #4]
 224 0038 DBB2     		uxtb	r3, r3
 225 003a FB71     		strb	r3, [r7, #7]
 226 003c FF20     		movs	r0, #255
 227 003e FFF7FEFF 		bl	sendByte
 228              	.L17:
 229 0042 00BF     		nop
 230 0044 0837     		adds	r7, r7, #8
 231 0046 BD46     		mov	sp, r7
 232              		@ sp needed
 233 0048 80BD     		pop	{r7, pc}
 234              	.L19:
 235 004a 00BF     		.align	2
 236              	.L18:
 237 004c 00380140 		.word	1073821696
 238 0050 00000000 		.word	can_process
 239 0054 00000000 		.word	recieved
 241              		.section	.text.TV_MainLoop,"ax",%progbits
 242              		.align	1
ARM GAS  /tmp/ccRNFNvQ.s 			page 5


 243              		.global	TV_MainLoop
 244              		.syntax unified
 245              		.thumb
 246              		.thumb_func
 247              		.fpu softvfp
 249              	TV_MainLoop:
 250              		@ args = 0, pretend = 0, frame = 0
 251              		@ frame_needed = 1, uses_anonymous_args = 0
 252 0000 80B5     		push	{r7, lr}
 253 0002 00AF     		add	r7, sp, #0
 254 0004 00E0     		b	.L21
 255              	.L22:
 256              		.syntax unified
 257              	@ 45 "Src/tv_usart.c" 1
 258 0006 30BF     		wfi
 259              	@ 0 "" 2
 260              		.thumb
 261              		.syntax unified
 262              	.L21:
 263 0008 484B     		ldr	r3, .L42
 264 000a 1B78     		ldrb	r3, [r3]
 265 000c DBB2     		uxtb	r3, r3
 266 000e 83F00103 		eor	r3, r3, #1
 267 0012 DBB2     		uxtb	r3, r3
 268 0014 002B     		cmp	r3, #0
 269 0016 F6D1     		bne	.L22
 270 0018 454B     		ldr	r3, .L42+4
 271 001a 1B78     		ldrb	r3, [r3]	@ zero_extendqisi2
 272 001c 002B     		cmp	r3, #0
 273 001e 1AD0     		beq	.L23
 274 0020 444B     		ldr	r3, .L42+8
 275 0022 1B78     		ldrb	r3, [r3]
 276 0024 DBB2     		uxtb	r3, r3
 277 0026 272B     		cmp	r3, #39
 278 0028 0BD8     		bhi	.L24
 279 002a 424B     		ldr	r3, .L42+8
 280 002c 1B78     		ldrb	r3, [r3]
 281 002e DAB2     		uxtb	r2, r3
 282 0030 414B     		ldr	r3, .L42+12
 283 0032 1A70     		strb	r2, [r3]
 284 0034 414B     		ldr	r3, .L42+16
 285 0036 0122     		movs	r2, #1
 286 0038 1A70     		strb	r2, [r3]
 287 003a 0020     		movs	r0, #0
 288 003c FFF7FEFF 		bl	sendByte
 289 0040 02E0     		b	.L25
 290              	.L24:
 291 0042 FF20     		movs	r0, #255
 292 0044 FFF7FEFF 		bl	sendByte
 293              	.L25:
 294 0048 3A4B     		ldr	r3, .L42+8
 295 004a 0022     		movs	r2, #0
 296 004c 1A70     		strb	r2, [r3]
 297 004e 374B     		ldr	r3, .L42
 298 0050 0022     		movs	r2, #0
 299 0052 1A70     		strb	r2, [r3]
 300 0054 68E0     		b	.L26
ARM GAS  /tmp/ccRNFNvQ.s 			page 6


 301              	.L23:
 302 0056 394B     		ldr	r3, .L42+16
 303 0058 1B78     		ldrb	r3, [r3]	@ zero_extendqisi2
 304 005a 002B     		cmp	r3, #0
 305 005c 1CD0     		beq	.L27
 306 005e 354B     		ldr	r3, .L42+8
 307 0060 1B78     		ldrb	r3, [r3]
 308 0062 DBB2     		uxtb	r3, r3
 309 0064 1A2B     		cmp	r3, #26
 310 0066 0DD8     		bhi	.L28
 311 0068 334B     		ldr	r3, .L42+12
 312 006a 1B78     		ldrb	r3, [r3]	@ zero_extendqisi2
 313 006c 1A46     		mov	r2, r3
 314 006e 314B     		ldr	r3, .L42+8
 315 0070 1B78     		ldrb	r3, [r3]
 316 0072 DBB2     		uxtb	r3, r3
 317 0074 1946     		mov	r1, r3
 318 0076 1046     		mov	r0, r2
 319 0078 FFF7FEFF 		bl	TV_GoToXY
 320 007c 0020     		movs	r0, #0
 321 007e FFF7FEFF 		bl	sendByte
 322 0082 02E0     		b	.L29
 323              	.L28:
 324 0084 FF20     		movs	r0, #255
 325 0086 FFF7FEFF 		bl	sendByte
 326              	.L29:
 327 008a 2C4B     		ldr	r3, .L42+16
 328 008c 0022     		movs	r2, #0
 329 008e 1A70     		strb	r2, [r3]
 330 0090 264B     		ldr	r3, .L42
 331 0092 0022     		movs	r2, #0
 332 0094 1A70     		strb	r2, [r3]
 333 0096 47E0     		b	.L26
 334              	.L27:
 335 0098 264B     		ldr	r3, .L42+8
 336 009a 1B78     		ldrb	r3, [r3]
 337 009c DBB2     		uxtb	r3, r3
 338 009e C83B     		subs	r3, r3, #200
 339 00a0 042B     		cmp	r3, #4
 340 00a2 2AD8     		bhi	.L30
 341 00a4 01A2     		adr	r2, .L32
 342 00a6 52F823F0 		ldr	pc, [r2, r3, lsl #2]
 343 00aa 00BF     		.p2align 2
 344              	.L32:
 345 00ac C1000000 		.word	.L36+1
 346 00b0 CD000000 		.word	.L35+1
 347 00b4 D9000000 		.word	.L34+1
 348 00b8 ED000000 		.word	.L33+1
 349 00bc E5000000 		.word	.L31+1
 350              		.p2align 1
 351              	.L36:
 352 00c0 FFF7FEFF 		bl	TV_ClearScreen
 353 00c4 0020     		movs	r0, #0
 354 00c6 FFF7FEFF 		bl	sendByte
 355 00ca 2AE0     		b	.L37
 356              	.L35:
 357 00cc FFF7FEFF 		bl	TV_CursorOn
ARM GAS  /tmp/ccRNFNvQ.s 			page 7


 358 00d0 0020     		movs	r0, #0
 359 00d2 FFF7FEFF 		bl	sendByte
 360 00d6 24E0     		b	.L37
 361              	.L34:
 362 00d8 FFF7FEFF 		bl	TV_CursorOff
 363 00dc 0020     		movs	r0, #0
 364 00de FFF7FEFF 		bl	sendByte
 365 00e2 1EE0     		b	.L37
 366              	.L31:
 367 00e4 0020     		movs	r0, #0
 368 00e6 FFF7FEFF 		bl	sendByte
 369 00ea 1AE0     		b	.L37
 370              	.L33:
 371 00ec 104B     		ldr	r3, .L42+4
 372 00ee 0122     		movs	r2, #1
 373 00f0 1A70     		strb	r2, [r3]
 374 00f2 0020     		movs	r0, #0
 375 00f4 FFF7FEFF 		bl	sendByte
 376 00f8 13E0     		b	.L37
 377              	.L30:
 378 00fa 0E4B     		ldr	r3, .L42+8
 379 00fc 1B78     		ldrb	r3, [r3]
 380 00fe DBB2     		uxtb	r3, r3
 381 0100 5BB2     		sxtb	r3, r3
 382 0102 002B     		cmp	r3, #0
 383 0104 09DB     		blt	.L38
 384 0106 0B4B     		ldr	r3, .L42+8
 385 0108 1B78     		ldrb	r3, [r3]
 386 010a DBB2     		uxtb	r3, r3
 387 010c 1846     		mov	r0, r3
 388 010e FFF7FEFF 		bl	TV_PrintChar
 389 0112 0020     		movs	r0, #0
 390 0114 FFF7FEFF 		bl	sendByte
 391 0118 02E0     		b	.L41
 392              	.L38:
 393 011a FF20     		movs	r0, #255
 394 011c FFF7FEFF 		bl	sendByte
 395              	.L41:
 396 0120 00BF     		nop
 397              	.L37:
 398 0122 024B     		ldr	r3, .L42
 399 0124 0022     		movs	r2, #0
 400 0126 1A70     		strb	r2, [r3]
 401              	.L26:
 402 0128 6EE7     		b	.L21
 403              	.L43:
 404 012a 00BF     		.align	2
 405              	.L42:
 406 012c 00000000 		.word	can_process
 407 0130 00000000 		.word	set_cursor.5115
 408 0134 00000000 		.word	recieved
 409 0138 00000000 		.word	x.5116
 410 013c 00000000 		.word	x_recieved.5117
 412              		.section	.bss.set_cursor.5115,"aw",%nobits
 415              	set_cursor.5115:
 416 0000 00       		.space	1
 417              		.section	.bss.x.5116,"aw",%nobits
ARM GAS  /tmp/ccRNFNvQ.s 			page 8


 420              	x.5116:
 421 0000 00       		.space	1
 422              		.section	.bss.x_recieved.5117,"aw",%nobits
 425              	x_recieved.5117:
 426 0000 00       		.space	1
 427              		.ident	"GCC: (Arch Repository) 9.1.0"
ARM GAS  /tmp/ccRNFNvQ.s 			page 9


DEFINED SYMBOLS
                            *ABS*:0000000000000000 tv_usart.c
     /tmp/ccRNFNvQ.s:14     .text.NVIC_EnableIRQ:0000000000000000 $t
     /tmp/ccRNFNvQ.s:21     .text.NVIC_EnableIRQ:0000000000000000 NVIC_EnableIRQ
     /tmp/ccRNFNvQ.s:47     .text.NVIC_EnableIRQ:000000000000002c $d
     /tmp/ccRNFNvQ.s:50     .text.GPIO_Init:0000000000000000 $t
     /tmp/ccRNFNvQ.s:56     .text.GPIO_Init:0000000000000000 GPIO_Init
     /tmp/ccRNFNvQ.s:80     .text.GPIO_Init:0000000000000020 $d
     /tmp/ccRNFNvQ.s:85     .bss.recieved:0000000000000000 recieved
     /tmp/ccRNFNvQ.s:86     .bss.recieved:0000000000000000 $d
     /tmp/ccRNFNvQ.s:90     .bss.can_process:0000000000000000 can_process
     /tmp/ccRNFNvQ.s:91     .bss.can_process:0000000000000000 $d
     /tmp/ccRNFNvQ.s:93     .text.TV_ListenUSART1:0000000000000000 $t
     /tmp/ccRNFNvQ.s:100    .text.TV_ListenUSART1:0000000000000000 TV_ListenUSART1
     /tmp/ccRNFNvQ.s:143    .text.TV_ListenUSART1:000000000000005c $d
     /tmp/ccRNFNvQ.s:150    .text.sendByte:0000000000000000 $t
     /tmp/ccRNFNvQ.s:156    .text.sendByte:0000000000000000 sendByte
     /tmp/ccRNFNvQ.s:184    .text.sendByte:0000000000000028 $d
     /tmp/ccRNFNvQ.s:187    .text.USART1_IRQHandler:0000000000000000 $t
     /tmp/ccRNFNvQ.s:194    .text.USART1_IRQHandler:0000000000000000 USART1_IRQHandler
     /tmp/ccRNFNvQ.s:237    .text.USART1_IRQHandler:000000000000004c $d
     /tmp/ccRNFNvQ.s:242    .text.TV_MainLoop:0000000000000000 $t
     /tmp/ccRNFNvQ.s:249    .text.TV_MainLoop:0000000000000000 TV_MainLoop
     /tmp/ccRNFNvQ.s:345    .text.TV_MainLoop:00000000000000ac $d
     /tmp/ccRNFNvQ.s:350    .text.TV_MainLoop:00000000000000c0 $t
     /tmp/ccRNFNvQ.s:406    .text.TV_MainLoop:000000000000012c $d
     /tmp/ccRNFNvQ.s:415    .bss.set_cursor.5115:0000000000000000 set_cursor.5115
     /tmp/ccRNFNvQ.s:420    .bss.x.5116:0000000000000000 x.5116
     /tmp/ccRNFNvQ.s:425    .bss.x_recieved.5117:0000000000000000 x_recieved.5117
     /tmp/ccRNFNvQ.s:416    .bss.set_cursor.5115:0000000000000000 $d
     /tmp/ccRNFNvQ.s:421    .bss.x.5116:0000000000000000 $d
     /tmp/ccRNFNvQ.s:426    .bss.x_recieved.5117:0000000000000000 $d

UNDEFINED SYMBOLS
GPIO_ConfPin
SystemCoreClock
TV_GoToXY
TV_ClearScreen
TV_CursorOn
TV_CursorOff
TV_PrintChar
